1724942685.825782 client started (6754): version 3.4, socket /tmp/tmux-1000/default, protocol 8
1724942685.825825 on Linux 6.8.0-41-generic #41-Ubuntu SMP PREEMPT_DYNAMIC Fri Aug  2 20:41:06 UTC 2024
1724942685.825830 using libevent 2.1.12-stable poll
1724942685.825834 using ncurses 6.4 20240113
1724942685.825855 flags are 0x10010000
1724942685.825874 socket is /tmp/tmux-1000/default
1724942685.825891 trying connect
1724942685.826040 add peer 0x55c39760fc90: 6 ((nil))
1724942685.826787 sending message 100 to peer 0x55c39760fc90 (4 bytes)
1724942685.826816 sending message 111 to peer 0x55c39760fc90 (8 bytes)
1724942685.826821 sending message 101 to peer 0x55c39760fc90 (14 bytes)
1724942685.826826 sending message 109 to peer 0x55c39760fc90 (4 bytes)
1724942685.826831 sending message 102 to peer 0x55c39760fc90 (11 bytes)
1724942685.826836 sending message 108 to peer 0x55c39760fc90 (22 bytes)
1724942685.826840 sending message 112 to peer 0x55c39760fc90 (70 bytes)
1724942685.826845 sending message 112 to peer 0x55c39760fc90 (5 bytes)
1724942685.826849 sending message 112 to peer 0x55c39760fc90 (5 bytes)
1724942685.826854 sending message 112 to peer 0x55c39760fc90 (6 bytes)
1724942685.826859 sending message 112 to peer 0x55c39760fc90 (6 bytes)
1724942685.826863 sending message 112 to peer 0x55c39760fc90 (11 bytes)
1724942685.826868 sending message 112 to peer 0x55c39760fc90 (10 bytes)
1724942685.826872 sending message 112 to peer 0x55c39760fc90 (13 bytes)
1724942685.826877 sending message 112 to peer 0x55c39760fc90 (13 bytes)
1724942685.826881 sending message 112 to peer 0x55c39760fc90 (18 bytes)
1724942685.826885 sending message 112 to peer 0x55c39760fc90 (11 bytes)
1724942685.826890 sending message 112 to peer 0x55c39760fc90 (10 bytes)
1724942685.826894 sending message 112 to peer 0x55c39760fc90 (15 bytes)
1724942685.826898 sending message 112 to peer 0x55c39760fc90 (21 bytes)
1724942685.826903 sending message 112 to peer 0x55c39760fc90 (13 bytes)
1724942685.826907 sending message 112 to peer 0x55c39760fc90 (7 bytes)
1724942685.826911 sending message 112 to peer 0x55c39760fc90 (13 bytes)
1724942685.826916 sending message 112 to peer 0x55c39760fc90 (7 bytes)
1724942685.826920 sending message 112 to peer 0x55c39760fc90 (13 bytes)
1724942685.826924 sending message 112 to peer 0x55c39760fc90 (9 bytes)
1724942685.826929 sending message 112 to peer 0x55c39760fc90 (21 bytes)
1724942685.826933 sending message 112 to peer 0x55c39760fc90 (13 bytes)
1724942685.826937 sending message 112 to peer 0x55c39760fc90 (8 bytes)
1724942685.826942 sending message 112 to peer 0x55c39760fc90 (12 bytes)
1724942685.826946 sending message 112 to peer 0x55c39760fc90 (13 bytes)
1724942685.826951 sending message 112 to peer 0x55c39760fc90 (9 bytes)
1724942685.826955 sending message 112 to peer 0x55c39760fc90 (9 bytes)
1724942685.826959 sending message 112 to peer 0x55c39760fc90 (12 bytes)
1724942685.826963 sending message 112 to peer 0x55c39760fc90 (8 bytes)
1724942685.826968 sending message 112 to peer 0x55c39760fc90 (8 bytes)
1724942685.826972 sending message 112 to peer 0x55c39760fc90 (7 bytes)
1724942685.826977 sending message 112 to peer 0x55c39760fc90 (7 bytes)
1724942685.826981 sending message 112 to peer 0x55c39760fc90 (9 bytes)
1724942685.826985 sending message 112 to peer 0x55c39760fc90 (13 bytes)
1724942685.826990 sending message 112 to peer 0x55c39760fc90 (6 bytes)
1724942685.826994 sending message 112 to peer 0x55c39760fc90 (9 bytes)
1724942685.826998 sending message 112 to peer 0x55c39760fc90 (15 bytes)
1724942685.827003 sending message 112 to peer 0x55c39760fc90 (13 bytes)
1724942685.827007 sending message 112 to peer 0x55c39760fc90 (12 bytes)
1724942685.827012 sending message 112 to peer 0x55c39760fc90 (8 bytes)
1724942685.827016 sending message 112 to peer 0x55c39760fc90 (14 bytes)
1724942685.827021 sending message 112 to peer 0x55c39760fc90 (11 bytes)
1724942685.827025 sending message 112 to peer 0x55c39760fc90 (9 bytes)
1724942685.827030 sending message 112 to peer 0x55c39760fc90 (10 bytes)
1724942685.827034 sending message 112 to peer 0x55c39760fc90 (10 bytes)
1724942685.827058 sending message 112 to peer 0x55c39760fc90 (10 bytes)
1724942685.827064 sending message 112 to peer 0x55c39760fc90 (10 bytes)
1724942685.827068 sending message 112 to peer 0x55c39760fc90 (11 bytes)
1724942685.827073 sending message 112 to peer 0x55c39760fc90 (12 bytes)
1724942685.827077 sending message 112 to peer 0x55c39760fc90 (12 bytes)
1724942685.827082 sending message 112 to peer 0x55c39760fc90 (12 bytes)
1724942685.827086 sending message 112 to peer 0x55c39760fc90 (12 bytes)
1724942685.827091 sending message 112 to peer 0x55c39760fc90 (12 bytes)
1724942685.827095 sending message 112 to peer 0x55c39760fc90 (11 bytes)
1724942685.827099 sending message 112 to peer 0x55c39760fc90 (11 bytes)
1724942685.827104 sending message 112 to peer 0x55c39760fc90 (12 bytes)
1724942685.827108 sending message 112 to peer 0x55c39760fc90 (12 bytes)
1724942685.827113 sending message 112 to peer 0x55c39760fc90 (12 bytes)
1724942685.827117 sending message 112 to peer 0x55c39760fc90 (12 bytes)
1724942685.827122 sending message 112 to peer 0x55c39760fc90 (12 bytes)
1724942685.827126 sending message 112 to peer 0x55c39760fc90 (10 bytes)
1724942685.827131 sending message 112 to peer 0x55c39760fc90 (12 bytes)
1724942685.827135 sending message 112 to peer 0x55c39760fc90 (13 bytes)
1724942685.827140 sending message 112 to peer 0x55c39760fc90 (13 bytes)
1724942685.827144 sending message 112 to peer 0x55c39760fc90 (13 bytes)
1724942685.827149 sending message 112 to peer 0x55c39760fc90 (13 bytes)
1724942685.827153 sending message 112 to peer 0x55c39760fc90 (13 bytes)
1724942685.827157 sending message 112 to peer 0x55c39760fc90 (8 bytes)
1724942685.827162 sending message 112 to peer 0x55c39760fc90 (11 bytes)
1724942685.827167 sending message 112 to peer 0x55c39760fc90 (11 bytes)
1724942685.827171 sending message 112 to peer 0x55c39760fc90 (11 bytes)
1724942685.827176 sending message 112 to peer 0x55c39760fc90 (12 bytes)
1724942685.827180 sending message 112 to peer 0x55c39760fc90 (12 bytes)
1724942685.827185 sending message 112 to peer 0x55c39760fc90 (12 bytes)
1724942685.827189 sending message 112 to peer 0x55c39760fc90 (12 bytes)
1724942685.827193 sending message 112 to peer 0x55c39760fc90 (13 bytes)
1724942685.827198 sending message 112 to peer 0x55c39760fc90 (13 bytes)
1724942685.827202 sending message 112 to peer 0x55c39760fc90 (13 bytes)
1724942685.827207 sending message 112 to peer 0x55c39760fc90 (8 bytes)
1724942685.827211 sending message 112 to peer 0x55c39760fc90 (13 bytes)
1724942685.827216 sending message 112 to peer 0x55c39760fc90 (13 bytes)
1724942685.827221 sending message 112 to peer 0x55c39760fc90 (13 bytes)
1724942685.827225 sending message 112 to peer 0x55c39760fc90 (13 bytes)
1724942685.827229 sending message 112 to peer 0x55c39760fc90 (13 bytes)
1724942685.827234 sending message 112 to peer 0x55c39760fc90 (12 bytes)
1724942685.827238 sending message 112 to peer 0x55c39760fc90 (12 bytes)
1724942685.827243 sending message 112 to peer 0x55c39760fc90 (12 bytes)
1724942685.827247 sending message 112 to peer 0x55c39760fc90 (12 bytes)
1724942685.827251 sending message 112 to peer 0x55c39760fc90 (13 bytes)
1724942685.827256 sending message 112 to peer 0x55c39760fc90 (8 bytes)
1724942685.827261 sending message 112 to peer 0x55c39760fc90 (13 bytes)
1724942685.827265 sending message 112 to peer 0x55c39760fc90 (13 bytes)
1724942685.827270 sending message 112 to peer 0x55c39760fc90 (13 bytes)
1724942685.827274 sending message 112 to peer 0x55c39760fc90 (13 bytes)
1724942685.827279 sending message 112 to peer 0x55c39760fc90 (13 bytes)
1724942685.827283 sending message 112 to peer 0x55c39760fc90 (13 bytes)
1724942685.827287 sending message 112 to peer 0x55c39760fc90 (13 bytes)
1724942685.827292 sending message 112 to peer 0x55c39760fc90 (12 bytes)
1724942685.827296 sending message 112 to peer 0x55c39760fc90 (12 bytes)
1724942685.827300 sending message 112 to peer 0x55c39760fc90 (12 bytes)
1724942685.827305 sending message 112 to peer 0x55c39760fc90 (8 bytes)
1724942685.827309 sending message 112 to peer 0x55c39760fc90 (12 bytes)
1724942685.827321 sending message 112 to peer 0x55c39760fc90 (13 bytes)
1724942685.827327 sending message 112 to peer 0x55c39760fc90 (13 bytes)
1724942685.827331 sending message 112 to peer 0x55c39760fc90 (13 bytes)
1724942685.827336 sending message 112 to peer 0x55c39760fc90 (13 bytes)
1724942685.827340 sending message 112 to peer 0x55c39760fc90 (13 bytes)
1724942685.827345 sending message 112 to peer 0x55c39760fc90 (13 bytes)
1724942685.827349 sending message 112 to peer 0x55c39760fc90 (13 bytes)
1724942685.827354 sending message 112 to peer 0x55c39760fc90 (13 bytes)
1724942685.827358 sending message 112 to peer 0x55c39760fc90 (12 bytes)
1724942685.827363 sending message 112 to peer 0x55c39760fc90 (10 bytes)
1724942685.827367 sending message 112 to peer 0x55c39760fc90 (12 bytes)
1724942685.827372 sending message 112 to peer 0x55c39760fc90 (12 bytes)
1724942685.827376 sending message 112 to peer 0x55c39760fc90 (12 bytes)
1724942685.827380 sending message 112 to peer 0x55c39760fc90 (13 bytes)
1724942685.827384 sending message 112 to peer 0x55c39760fc90 (13 bytes)
1724942685.827389 sending message 112 to peer 0x55c39760fc90 (13 bytes)
1724942685.827393 sending message 112 to peer 0x55c39760fc90 (13 bytes)
1724942685.827398 sending message 112 to peer 0x55c39760fc90 (13 bytes)
1724942685.827402 sending message 112 to peer 0x55c39760fc90 (13 bytes)
1724942685.827406 sending message 112 to peer 0x55c39760fc90 (13 bytes)
1724942685.827411 sending message 112 to peer 0x55c39760fc90 (10 bytes)
1724942685.827415 sending message 112 to peer 0x55c39760fc90 (13 bytes)
1724942685.827420 sending message 112 to peer 0x55c39760fc90 (12 bytes)
1724942685.827424 sending message 112 to peer 0x55c39760fc90 (12 bytes)
1724942685.827428 sending message 112 to peer 0x55c39760fc90 (12 bytes)
1724942685.827433 sending message 112 to peer 0x55c39760fc90 (10 bytes)
1724942685.827437 sending message 112 to peer 0x55c39760fc90 (10 bytes)
1724942685.827442 sending message 112 to peer 0x55c39760fc90 (10 bytes)
1724942685.827446 sending message 112 to peer 0x55c39760fc90 (12 bytes)
1724942685.827450 sending message 112 to peer 0x55c39760fc90 (13 bytes)
1724942685.827455 sending message 112 to peer 0x55c39760fc90 (13 bytes)
1724942685.827459 sending message 112 to peer 0x55c39760fc90 (13 bytes)
1724942685.827464 sending message 112 to peer 0x55c39760fc90 (13 bytes)
1724942685.827468 sending message 112 to peer 0x55c39760fc90 (13 bytes)
1724942685.827473 sending message 112 to peer 0x55c39760fc90 (11 bytes)
1724942685.827477 sending message 112 to peer 0x55c39760fc90 (11 bytes)
1724942685.827482 sending message 112 to peer 0x55c39760fc90 (12 bytes)
1724942685.827486 sending message 112 to peer 0x55c39760fc90 (12 bytes)
1724942685.827490 sending message 112 to peer 0x55c39760fc90 (12 bytes)
1724942685.827495 sending message 112 to peer 0x55c39760fc90 (12 bytes)
1724942685.827499 sending message 112 to peer 0x55c39760fc90 (12 bytes)
1724942685.827504 sending message 112 to peer 0x55c39760fc90 (11 bytes)
1724942685.827508 sending message 112 to peer 0x55c39760fc90 (12 bytes)
1724942685.827512 sending message 112 to peer 0x55c39760fc90 (12 bytes)
1724942685.827517 sending message 112 to peer 0x55c39760fc90 (13 bytes)
1724942685.827521 sending message 112 to peer 0x55c39760fc90 (13 bytes)
1724942685.827526 sending message 112 to peer 0x55c39760fc90 (13 bytes)
1724942685.827530 sending message 112 to peer 0x55c39760fc90 (13 bytes)
1724942685.827535 sending message 112 to peer 0x55c39760fc90 (13 bytes)
1724942685.827539 sending message 112 to peer 0x55c39760fc90 (10 bytes)
1724942685.827543 sending message 112 to peer 0x55c39760fc90 (9 bytes)
1724942685.827548 sending message 112 to peer 0x55c39760fc90 (12 bytes)
1724942685.827552 sending message 112 to peer 0x55c39760fc90 (13 bytes)
1724942685.827557 sending message 112 to peer 0x55c39760fc90 (13 bytes)
1724942685.827561 sending message 112 to peer 0x55c39760fc90 (13 bytes)
1724942685.827566 sending message 112 to peer 0x55c39760fc90 (13 bytes)
1724942685.827570 sending message 112 to peer 0x55c39760fc90 (13 bytes)
1724942685.827581 sending message 112 to peer 0x55c39760fc90 (9 bytes)
1724942685.827587 sending message 112 to peer 0x55c39760fc90 (12 bytes)
1724942685.827591 sending message 112 to peer 0x55c39760fc90 (13 bytes)
1724942685.827596 sending message 112 to peer 0x55c39760fc90 (13 bytes)
1724942685.827600 sending message 112 to peer 0x55c39760fc90 (13 bytes)
1724942685.827605 sending message 112 to peer 0x55c39760fc90 (13 bytes)
1724942685.827609 sending message 112 to peer 0x55c39760fc90 (13 bytes)
1724942685.827613 sending message 112 to peer 0x55c39760fc90 (11 bytes)
1724942685.827618 sending message 112 to peer 0x55c39760fc90 (12 bytes)
1724942685.827622 sending message 112 to peer 0x55c39760fc90 (13 bytes)
1724942685.827642 sending message 112 to peer 0x55c39760fc90 (13 bytes)
1724942685.827653 sending message 112 to peer 0x55c39760fc90 (13 bytes)
1724942685.827658 sending message 112 to peer 0x55c39760fc90 (13 bytes)
1724942685.827662 sending message 112 to peer 0x55c39760fc90 (13 bytes)
1724942685.827667 sending message 112 to peer 0x55c39760fc90 (11 bytes)
1724942685.827671 sending message 112 to peer 0x55c39760fc90 (12 bytes)
1724942685.827676 sending message 112 to peer 0x55c39760fc90 (12 bytes)
1724942685.827680 sending message 112 to peer 0x55c39760fc90 (12 bytes)
1724942685.827684 sending message 112 to peer 0x55c39760fc90 (12 bytes)
1724942685.827689 sending message 112 to peer 0x55c39760fc90 (12 bytes)
1724942685.827693 sending message 112 to peer 0x55c39760fc90 (21 bytes)
1724942685.827698 sending message 112 to peer 0x55c39760fc90 (12 bytes)
1724942685.827702 sending message 112 to peer 0x55c39760fc90 (9 bytes)
1724942685.827707 sending message 112 to peer 0x55c39760fc90 (6 bytes)
1724942685.827712 sending message 112 to peer 0x55c39760fc90 (13 bytes)
1724942685.827716 sending message 112 to peer 0x55c39760fc90 (8 bytes)
1724942685.827721 sending message 112 to peer 0x55c39760fc90 (15 bytes)
1724942685.827725 sending message 112 to peer 0x55c39760fc90 (13 bytes)
1724942685.827730 sending message 112 to peer 0x55c39760fc90 (9 bytes)
1724942685.827735 sending message 112 to peer 0x55c39760fc90 (70 bytes)
1724942685.827740 sending message 112 to peer 0x55c39760fc90 (69 bytes)
1724942685.827744 sending message 112 to peer 0x55c39760fc90 (10 bytes)
1724942685.827749 sending message 112 to peer 0x55c39760fc90 (10 bytes)
1724942685.827753 sending message 112 to peer 0x55c39760fc90 (8 bytes)
1724942685.827758 sending message 112 to peer 0x55c39760fc90 (15 bytes)
1724942685.827762 sending message 112 to peer 0x55c39760fc90 (13 bytes)
1724942685.827767 sending message 112 to peer 0x55c39760fc90 (10 bytes)
1724942685.827771 sending message 112 to peer 0x55c39760fc90 (10 bytes)
1724942685.827776 sending message 112 to peer 0x55c39760fc90 (17 bytes)
1724942685.827780 sending message 112 to peer 0x55c39760fc90 (10 bytes)
1724942685.827785 sending message 112 to peer 0x55c39760fc90 (13 bytes)
1724942685.827789 sending message 112 to peer 0x55c39760fc90 (9 bytes)
1724942685.827794 sending message 112 to peer 0x55c39760fc90 (5 bytes)
1724942685.827798 sending message 112 to peer 0x55c39760fc90 (15 bytes)
1724942685.827804 sending message 104 to peer 0x55c39760fc90 (0 bytes)
1724942685.827810 sending message 110 to peer 0x55c39760fc90 (0 bytes)
1724942685.827816 sending message 107 to peer 0x55c39760fc90 (4 bytes)
1724942685.827820 sending message 105 to peer 0x55c39760fc90 (20 bytes)
1724942685.827825 sending message 105 to peer 0x55c39760fc90 (54 bytes)
1724942685.827830 sending message 105 to peer 0x55c39760fc90 (26 bytes)
1724942685.827834 sending message 105 to peer 0x55c39760fc90 (19 bytes)
1724942685.827839 sending message 105 to peer 0x55c39760fc90 (55 bytes)
1724942685.827843 sending message 105 to peer 0x55c39760fc90 (11 bytes)
1724942685.827848 sending message 105 to peer 0x55c39760fc90 (52 bytes)
1724942685.827852 sending message 105 to peer 0x55c39760fc90 (28 bytes)
1724942685.827857 sending message 105 to peer 0x55c39760fc90 (16 bytes)
1724942685.827862 sending message 105 to peer 0x55c39760fc90 (38 bytes)
1724942685.827874 sending message 105 to peer 0x55c39760fc90 (17 bytes)
1724942685.827879 sending message 105 to peer 0x55c39760fc90 (30 bytes)
1724942685.827883 sending message 105 to peer 0x55c39760fc90 (27 bytes)
1724942685.827888 sending message 105 to peer 0x55c39760fc90 (24 bytes)
1724942685.827892 sending message 105 to peer 0x55c39760fc90 (20 bytes)
1724942685.827897 sending message 105 to peer 0x55c39760fc90 (23 bytes)
1724942685.827901 sending message 105 to peer 0x55c39760fc90 (15 bytes)
1724942685.827906 sending message 105 to peer 0x55c39760fc90 (21 bytes)
1724942685.827910 sending message 105 to peer 0x55c39760fc90 (23 bytes)
1724942685.827915 sending message 105 to peer 0x55c39760fc90 (25 bytes)
1724942685.827920 sending message 105 to peer 0x55c39760fc90 (13 bytes)
1724942685.827924 sending message 105 to peer 0x55c39760fc90 (29 bytes)
1724942685.827929 sending message 105 to peer 0x55c39760fc90 (35 bytes)
1724942685.827933 sending message 105 to peer 0x55c39760fc90 (31 bytes)
1724942685.827938 sending message 105 to peer 0x55c39760fc90 (10 bytes)
1724942685.827943 sending message 105 to peer 0x55c39760fc90 (148 bytes)
1724942685.827947 sending message 105 to peer 0x55c39760fc90 (58 bytes)
1724942685.827958 sending message 105 to peer 0x55c39760fc90 (13 bytes)
1724942685.827965 sending message 105 to peer 0x55c39760fc90 (47 bytes)
1724942685.827972 sending message 105 to peer 0x55c39760fc90 (19 bytes)
1724942685.827977 sending message 105 to peer 0x55c39760fc90 (50 bytes)
1724942685.827983 sending message 105 to peer 0x55c39760fc90 (33 bytes)
1724942685.827989 sending message 105 to peer 0x55c39760fc90 (17 bytes)
1724942685.827995 sending message 105 to peer 0x55c39760fc90 (37 bytes)
1724942685.827999 sending message 105 to peer 0x55c39760fc90 (19 bytes)
1724942685.828004 sending message 105 to peer 0x55c39760fc90 (20 bytes)
1724942685.828008 sending message 105 to peer 0x55c39760fc90 (18 bytes)
1724942685.828013 sending message 105 to peer 0x55c39760fc90 (34 bytes)
1724942685.828017 sending message 105 to peer 0x55c39760fc90 (25 bytes)
1724942685.828022 sending message 105 to peer 0x55c39760fc90 (8 bytes)
1724942685.828027 sending message 105 to peer 0x55c39760fc90 (18 bytes)
1724942685.828031 sending message 105 to peer 0x55c39760fc90 (11 bytes)
1724942685.828036 sending message 105 to peer 0x55c39760fc90 (41 bytes)
1724942685.828040 sending message 105 to peer 0x55c39760fc90 (21 bytes)
1724942685.828045 sending message 105 to peer 0x55c39760fc90 (60 bytes)
1724942685.828050 sending message 105 to peer 0x55c39760fc90 (19 bytes)
1724942685.828054 sending message 105 to peer 0x55c39760fc90 (15 bytes)
1724942685.828059 sending message 105 to peer 0x55c39760fc90 (133 bytes)
1724942685.828063 sending message 105 to peer 0x55c39760fc90 (41 bytes)
1724942685.828068 sending message 105 to peer 0x55c39760fc90 (30 bytes)
1724942685.828072 sending message 105 to peer 0x55c39760fc90 (52 bytes)
1724942685.828077 sending message 105 to peer 0x55c39760fc90 (23 bytes)
1724942685.828081 sending message 105 to peer 0x55c39760fc90 (23 bytes)
1724942685.828085 sending message 105 to peer 0x55c39760fc90 (23 bytes)
1724942685.828090 sending message 105 to peer 0x55c39760fc90 (18 bytes)
1724942685.828094 sending message 106 to peer 0x55c39760fc90 (0 bytes)
1724942685.828195 sending message 200 to peer 0x55c39760fc90 (4 bytes)
1724942685.828202 client loop enter
1724942685.828899 peer 0x55c39760fc90 message 303
1724942685.828920 open write file 2 -
1724942685.828933 sending message 305 to peer 0x55c39760fc90 (8 bytes)
1724942685.828953 write check file 2
1724942685.829098 peer 0x55c39760fc90 message 304
1724942685.829104 write 58 to file 2
1724942685.829110 peer 0x55c39760fc90 message 203
1724942685.829115 file 2 58 bytes left
1724942685.829138 write check file 2
1724942685.829144 client loop exit
